0 info it worked if it ends with ok
1 verbose cli [ 'node', '/usr/local/bin/npm', 'install', 'express' ]
2 info using npm@1.1.65
3 info using node@v0.8.14
4 verbose read json /Users/coco/Documents/Survey_Thursday/package.json
5 verbose read json /Users/coco/Documents/Survey_Thursday/node_modules/express/package.json
6 verbose read json /Users/coco/Documents/Survey_Thursday/node_modules/mongodb/package.json
7 verbose read json /Users/coco/Documents/Survey_Thursday/node_modules/mongoose/package.json
8 verbose read json /Users/coco/Documents/Survey_Thursday/node_modules/passport/package.json
9 verbose read json /Users/coco/Documents/Survey_Thursday/node_modules/passport-local/package.json
10 verbose read json /Users/coco/Documents/Survey_Thursday/node_modules/passport-local-mongoose/package.json
11 verbose read json /Users/coco/Documents/Survey_Thursday/package.json
12 verbose cache add [ 'express', null ]
13 silly cache add name=undefined spec="express" args=["express",null]
14 verbose parsed url { pathname: 'express', path: 'express', href: 'express' }
15 silly lockFile f3c62de4-express express
16 verbose lock express /Users/coco/.npm/f3c62de4-express.lock
17 silly lockFile f3c62de4-express express
18 verbose addNamed [ 'express', '' ]
19 verbose addNamed [ null, '' ]
20 silly lockFile 64a534c1-express express@
21 verbose lock express@ /Users/coco/.npm/64a534c1-express.lock
22 silly addNameRange { name: 'express', range: '', hasData: false }
23 verbose url raw express
24 verbose url resolving [ 'https://registry.npmjs.org/', './express' ]
25 verbose url resolved https://registry.npmjs.org/express
26 info trying registry request attempt 1 at 23:02:56
27 verbose etag "DQ434WLYFKGD905HAAQGPFB4M"
28 http GET https://registry.npmjs.org/express
29 http 200 https://registry.npmjs.org/express
30 silly registry.get cb [ 200,
30 silly registry.get   { vary: 'Accept',
30 silly registry.get     server: 'CouchDB/1.2.0 (Erlang OTP/R15B)',
30 silly registry.get     etag: '"8P0K9T56IUBXC9MKRX4FSQI6H"',
30 silly registry.get     date: 'Sat, 08 Dec 2012 04:02:08 GMT',
30 silly registry.get     'content-type': 'application/json',
30 silly registry.get     'content-length': '246121' } ]
31 silly addNameRange number 2 { name: 'express', range: '', hasData: true }
32 silly addNameRange versions [ 'express',
32 silly addNameRange   [ '0.14.0',
32 silly addNameRange     '0.14.1',
32 silly addNameRange     '1.0.0beta',
32 silly addNameRange     '1.0.0beta2',
32 silly addNameRange     '1.0.0rc',
32 silly addNameRange     '1.0.0rc2',
32 silly addNameRange     '1.0.0rc3',
32 silly addNameRange     '1.0.0rc4',
32 silly addNameRange     '1.0.0',
32 silly addNameRange     '1.0.1',
32 silly addNameRange     '1.0.2',
32 silly addNameRange     '1.0.3',
32 silly addNameRange     '1.0.4',
32 silly addNameRange     '1.0.5',
32 silly addNameRange     '1.0.6',
32 silly addNameRange     '1.0.7',
32 silly addNameRange     '2.0.0beta',
32 silly addNameRange     '1.0.8',
32 silly addNameRange     '2.0.0beta2',
32 silly addNameRange     '2.0.0beta3',
32 silly addNameRange     '2.0.0rc',
32 silly addNameRange     '2.0.0rc2',
32 silly addNameRange     '2.0.0rc3',
32 silly addNameRange     '2.0.0',
32 silly addNameRange     '2.1.0',
32 silly addNameRange     '2.1.1',
32 silly addNameRange     '2.2.0',
32 silly addNameRange     '2.2.1',
32 silly addNameRange     '2.2.2',
32 silly addNameRange     '2.3.0',
32 silly addNameRange     '2.3.1',
32 silly addNameRange     '2.3.2',
32 silly addNameRange     '2.3.3',
32 silly addNameRange     '2.3.4',
32 silly addNameRange     '2.3.5',
32 silly addNameRange     '2.3.6',
32 silly addNameRange     '2.3.7',
32 silly addNameRange     '2.3.8',
32 silly addNameRange     '2.3.9',
32 silly addNameRange     '2.3.10',
32 silly addNameRange     '2.3.11',
32 silly addNameRange     '2.3.12',
32 silly addNameRange     '2.4.0',
32 silly addNameRange     '2.4.1',
32 silly addNameRange     '2.4.2',
32 silly addNameRange     '2.4.3',
32 silly addNameRange     '2.4.4',
32 silly addNameRange     '2.4.5',
32 silly addNameRange     '2.4.6',
32 silly addNameRange     '2.4.7',
32 silly addNameRange     '2.5.0',
32 silly addNameRange     '2.5.1',
32 silly addNameRange     '2.5.2',
32 silly addNameRange     '2.5.3',
32 silly addNameRange     '2.5.4',
32 silly addNameRange     '2.5.5',
32 silly addNameRange     '2.5.6',
32 silly addNameRange     '2.5.7',
32 silly addNameRange     '2.5.8',
32 silly addNameRange     '2.5.9',
32 silly addNameRange     '3.0.0alpha1',
32 silly addNameRange     '3.0.0alpha2',
32 silly addNameRange     '3.0.0alpha3',
32 silly addNameRange     '3.0.0alpha4',
32 silly addNameRange     '3.0.0alpha5',
32 silly addNameRange     '3.0.0beta1',
32 silly addNameRange     '3.0.0beta2',
32 silly addNameRange     '3.0.0beta3',
32 silly addNameRange     '2.5.10',
32 silly addNameRange     '3.0.0beta4',
32 silly addNameRange     '2.5.11',
32 silly addNameRange     '3.0.0beta6',
32 silly addNameRange     '3.0.0beta7',
32 silly addNameRange     '3.0.0rc1',
32 silly addNameRange     '3.0.0rc2',
32 silly addNameRange     '3.0.0rc3',
32 silly addNameRange     '3.0.0rc4',
32 silly addNameRange     '3.0.0rc5',
32 silly addNameRange     '3.0.0',
32 silly addNameRange     '3.0.1',
32 silly addNameRange     '3.0.2',
32 silly addNameRange     '3.0.3',
32 silly addNameRange     '3.0.4' ] ]
33 verbose addNamed [ 'express', '3.0.4' ]
34 verbose addNamed [ '3.0.4', '3.0.4' ]
35 silly lockFile 1ac70620-express-3-0-4 express@3.0.4
36 verbose lock express@3.0.4 /Users/coco/.npm/1ac70620-express-3-0-4.lock
37 silly lockFile 4d530da0-js-org-express-express-3-0-4-tgz https://registry.npmjs.org/express/-/express-3.0.4.tgz
38 verbose lock https://registry.npmjs.org/express/-/express-3.0.4.tgz /Users/coco/.npm/4d530da0-js-org-express-express-3-0-4-tgz.lock
39 verbose addRemoteTarball [ 'https://registry.npmjs.org/express/-/express-3.0.4.tgz',
39 verbose addRemoteTarball   '04a8e939145940a6bb3b215d736ec2c1584ee0a8' ]
40 info retry fetch attempt 1 at 23:02:56
41 verbose fetch to= /var/folders/9y/zsvswzh50x15kclv4sb2nylr0000gn/T/npm-9024/1354939376728-0.9603139066603035/tmp.tgz
42 http GET https://registry.npmjs.org/express/-/express-3.0.4.tgz
43 http 200 https://registry.npmjs.org/express/-/express-3.0.4.tgz
44 silly shasum updated bytes 34651
45 info shasum 04a8e939145940a6bb3b215d736ec2c1584ee0a8
45 info shasum /var/folders/9y/zsvswzh50x15kclv4sb2nylr0000gn/T/npm-9024/1354939376728-0.9603139066603035/tmp.tgz
46 verbose tar unpack /var/folders/9y/zsvswzh50x15kclv4sb2nylr0000gn/T/npm-9024/1354939376728-0.9603139066603035/tmp.tgz
47 silly lockFile 4482150e-76728-0-9603139066603035-package /var/folders/9y/zsvswzh50x15kclv4sb2nylr0000gn/T/npm-9024/1354939376728-0.9603139066603035/package
48 verbose lock /var/folders/9y/zsvswzh50x15kclv4sb2nylr0000gn/T/npm-9024/1354939376728-0.9603139066603035/package /Users/coco/.npm/4482150e-76728-0-9603139066603035-package.lock
49 silly gunzTarPerm modes [ '755', '644' ]
50 silly gunzTarPerm extractEntry package.json
51 silly gunzTarPerm extractEntry .npmignore
52 silly gunzTarPerm extractEntry LICENSE
53 silly gunzTarPerm extractEntry client.js
54 silly gunzTarPerm extractEntry index.js
55 silly gunzTarPerm extractEntry test.js
56 silly gunzTarPerm extractEntry .travis.yml
57 silly gunzTarPerm extractEntry History.md
58 silly gunzTarPerm extractEntry Makefile
59 silly gunzTarPerm extractEntry bin/express
60 silly gunzTarPerm extractEntry Readme.md
61 silly gunzTarPerm extractEntry lib/application.js
62 silly gunzTarPerm extractEntry lib/express.js
63 silly gunzTarPerm extractEntry lib/middleware.js
64 silly gunzTarPerm extractEntry lib/request.js
65 silly gunzTarPerm extractEntry lib/response.js
66 silly gunzTarPerm extractEntry lib/utils.js
67 silly gunzTarPerm extractEntry lib/view.js
68 silly gunzTarPerm extractEntry lib/router/index.js
69 silly gunzTarPerm extractEntry lib/router/route.js
70 verbose read json /var/folders/9y/zsvswzh50x15kclv4sb2nylr0000gn/T/npm-9024/1354939376728-0.9603139066603035/package/package.json
71 silly lockFile 4482150e-76728-0-9603139066603035-package /var/folders/9y/zsvswzh50x15kclv4sb2nylr0000gn/T/npm-9024/1354939376728-0.9603139066603035/package
72 verbose from cache /var/folders/9y/zsvswzh50x15kclv4sb2nylr0000gn/T/npm-9024/1354939376728-0.9603139066603035/package/package.json
73 verbose tar pack [ '/Users/coco/.npm/express/3.0.4/package.tgz',
73 verbose tar pack   '/var/folders/9y/zsvswzh50x15kclv4sb2nylr0000gn/T/npm-9024/1354939376728-0.9603139066603035/package' ]
74 verbose tarball /Users/coco/.npm/express/3.0.4/package.tgz
75 verbose folder /var/folders/9y/zsvswzh50x15kclv4sb2nylr0000gn/T/npm-9024/1354939376728-0.9603139066603035/package
76 silly lockFile 0d355c74-co-npm-express-3-0-4-package-tgz /Users/coco/.npm/express/3.0.4/package.tgz
77 verbose lock /Users/coco/.npm/express/3.0.4/package.tgz /Users/coco/.npm/0d355c74-co-npm-express-3-0-4-package-tgz.lock
78 silly lockFile 0d355c74-co-npm-express-3-0-4-package-tgz /Users/coco/.npm/express/3.0.4/package.tgz
79 silly lockFile b34eba5a-s-coco-npm-express-3-0-4-package /Users/coco/.npm/express/3.0.4/package
80 verbose lock /Users/coco/.npm/express/3.0.4/package /Users/coco/.npm/b34eba5a-s-coco-npm-express-3-0-4-package.lock
81 silly lockFile b34eba5a-s-coco-npm-express-3-0-4-package /Users/coco/.npm/express/3.0.4/package
82 verbose tar unpack /Users/coco/.npm/express/3.0.4/package.tgz
83 silly lockFile b34eba5a-s-coco-npm-express-3-0-4-package /Users/coco/.npm/express/3.0.4/package
84 verbose lock /Users/coco/.npm/express/3.0.4/package /Users/coco/.npm/b34eba5a-s-coco-npm-express-3-0-4-package.lock
85 silly gunzTarPerm modes [ '755', '644' ]
86 silly gunzTarPerm extractEntry package.json
87 silly gunzTarPerm extractEntry .npmignore
88 silly gunzTarPerm extractEntry LICENSE
89 silly gunzTarPerm extractEntry client.js
90 silly gunzTarPerm extractEntry index.js
91 silly gunzTarPerm extractEntry test.js
92 silly gunzTarPerm extractEntry .travis.yml
93 silly gunzTarPerm extractEntry History.md
94 silly gunzTarPerm extractEntry Makefile
95 silly gunzTarPerm extractEntry bin/express
96 silly gunzTarPerm extractEntry Readme.md
97 silly gunzTarPerm extractEntry lib/application.js
98 silly gunzTarPerm extractEntry lib/express.js
99 silly gunzTarPerm extractEntry lib/middleware.js
100 silly gunzTarPerm extractEntry lib/request.js
101 silly gunzTarPerm extractEntry lib/response.js
102 silly gunzTarPerm extractEntry lib/utils.js
103 silly gunzTarPerm extractEntry lib/view.js
104 silly gunzTarPerm extractEntry lib/router/index.js
105 silly gunzTarPerm extractEntry lib/router/route.js
106 verbose read json /Users/coco/.npm/express/3.0.4/package/package.json
107 silly lockFile b34eba5a-s-coco-npm-express-3-0-4-package /Users/coco/.npm/express/3.0.4/package
108 silly shasum updated bytes 34651
109 info shasum 04a8e939145940a6bb3b215d736ec2c1584ee0a8
109 info shasum /Users/coco/.npm/express/3.0.4/package.tgz
110 verbose from cache /Users/coco/.npm/express/3.0.4/package/package.json
111 verbose chmod /Users/coco/.npm/express/3.0.4/package.tgz 644
112 verbose chown /Users/coco/.npm/express/3.0.4/package.tgz [ 501, 20 ]
113 silly lockFile 4d530da0-js-org-express-express-3-0-4-tgz https://registry.npmjs.org/express/-/express-3.0.4.tgz
114 silly lockFile 1ac70620-express-3-0-4 express@3.0.4
115 silly lockFile 64a534c1-express express@
116 silly resolved [ { name: 'express',
116 silly resolved     description: 'Sinatra inspired web development framework',
116 silly resolved     version: '3.0.4',
116 silly resolved     author: { name: 'TJ Holowaychuk', email: 'tj@vision-media.ca' },
116 silly resolved     contributors: [ [Object], [Object], [Object], [Object] ],
116 silly resolved     dependencies:
116 silly resolved      { connect: '2.7.1',
116 silly resolved        commander: '0.6.1',
116 silly resolved        'range-parser': '0.0.4',
116 silly resolved        mkdirp: '0.3.3',
116 silly resolved        cookie: '0.0.5',
116 silly resolved        'buffer-crc32': '0.1.1',
116 silly resolved        fresh: '0.1.0',
116 silly resolved        methods: '0.0.1',
116 silly resolved        send: '0.1.0',
116 silly resolved        'cookie-signature': '0.0.1',
116 silly resolved        debug: '*' },
116 silly resolved     devDependencies:
116 silly resolved      { ejs: '*',
116 silly resolved        mocha: '*',
116 silly resolved        jade: '*',
116 silly resolved        hjs: '*',
116 silly resolved        stylus: '*',
116 silly resolved        should: '*',
116 silly resolved        'connect-redis': '*',
116 silly resolved        'github-flavored-markdown': '*',
116 silly resolved        supertest: '0.0.1' },
116 silly resolved     keywords:
116 silly resolved      [ 'express',
116 silly resolved        'framework',
116 silly resolved        'sinatra',
116 silly resolved        'web',
116 silly resolved        'rest',
116 silly resolved        'restful',
116 silly resolved        'router',
116 silly resolved        'app',
116 silly resolved        'api' ],
116 silly resolved     repository: { type: 'git', url: 'git://github.com/visionmedia/express' },
116 silly resolved     main: 'index',
116 silly resolved     bin: { express: './bin/express' },
116 silly resolved     scripts: { prepublish: 'npm prune', test: 'make test' },
116 silly resolved     engines: { node: '*' },
116 silly resolved     readme: '![express logo](http://f.cl.ly/items/0V2S1n0K1i3y1c122g04/Screen%20Shot%202012-04-11%20at%209.59.42%20AM.png)\n\n  Fast, unopinionated, minimalist web framework for [node](http://nodejs.org). [![Build Status](https://secure.travis-ci.org/visionmedia/express.png)](http://travis-ci.org/visionmedia/express)\n\n```js\nvar express = require(\'express\');\nvar app = express();\n\napp.get(\'/\', function(req, res){\n  res.send(\'Hello World\');\n});\n\napp.listen(3000);\n```\n\n## Installation\n\n    $ npm install -g express\n\n## Quick Start\n\n The quickest way to get started with express is to utilize the executable `express(1)` to generate an application as shown below:\n\n Create the app:\n\n    $ npm install -g express\n    $ express /tmp/foo && cd /tmp/foo\n\n Install dependencies:\n\n    $ npm install\n\n Start the server:\n\n    $ node app\n\n## Features\n\n  * Built on [Connect](http://github.com/senchalabs/connect)\n  * Robust routing\n  * HTTP helpers (redirection, caching, etc)\n  * View system supporting 14+ template engines\n  * Content negotiation\n  * Focus on high performance\n  * Environment based configuration\n  * Executable for generating applications quickly\n  * High test coverage\n\n## Philosophy\n\n  The Express philosophy is to provide small, robust tooling for HTTP servers. Making\n  it a great solution for single page applications, web sites, hybrids, or public\n  HTTP APIs.\n  \n  Built on Connect you can use _only_ what you need, and nothing more, applications\n  can be as big or as small as you like, even a single file. Express does\n  not force you to use any specific ORM or template engine. With support for over\n  14 template engines via [Consolidate.js](http://github.com/visionmedia/consolidate.js)\n  you can quickly craft your perfect framework.\n\n## More Information\n\n  * Join #express on freenode\n  * [Google Group](http://groups.google.com/group/express-js) for discussion\n  * Follow [tjholowaychuk](http://twitter.com/tjholowaychuk) on twitter for updates\n  * Visit the [Wiki](http://github.com/visionmedia/express/wiki)\n  * [日本語ドキュメンテーション](http://hideyukisaito.com/doc/expressjs/) by [hideyukisaito](https://github.com/hideyukisaito)\n  * [Русскоязычная документация](http://express-js.ru/)\n\n## Viewing Examples\n\nClone the Express repo, then install the dev dependencies to install all the example / test suite deps:\n\n    $ git clone git://github.com/visionmedia/express.git --depth 1\n    $ cd express\n    $ npm install\n\nthen run whichever tests you want:\n\n    $ node examples/content-negotiation\n\n## Running Tests\n\nTo run the test suite first invoke the following command within the repo, installing the development dependencies:\n\n    $ npm install\n\nthen run the tests:\n\n    $ make test\n\n## Contributors\n\n```\nproject: express\ncommits: 3559\nactive : 468 days\nfiles  : 237\nauthors: \n 1891\tTj Holowaychuk          53.1%\n 1285\tvisionmedia             36.1%\n  182\tTJ Holowaychuk          5.1%\n   54\tAaron Heckmann          1.5%\n   34\tcsausdev                1.0%\n   26\tciaranj                 0.7%\n   21\tRobert Sköld            0.6%\n    6\tGuillermo Rauch         0.2%\n    3\tDav Glass               0.1%\n    3\tNick Poulden            0.1%\n    2\tRandy Merrill           0.1%\n    2\tBenny Wong              0.1%\n    2\tHunter Loftis           0.1%\n    2\tJake Gordon             0.1%\n    2\tBrian McKinney          0.1%\n    2\tRoman Shtylman          0.1%\n    2\tBen Weaver              0.1%\n    2\tDave Hoover             0.1%\n    2\tEivind Fjeldstad        0.1%\n    2\tDaniel Shaw             0.1%\n    1\tMatt Colyer             0.0%\n    1\tPau Ramon               0.0%\n    1\tPero Pejovic            0.0%\n    1\tPeter Rekdal Sunde      0.0%\n    1\tRaynos                  0.0%\n    1\tTeng Siong Ong          0.0%\n    1\tViktor Kelemen          0.0%\n    1\tctide                   0.0%\n    1\t8bitDesigner            0.0%\n    1\tisaacs                  0.0%\n    1\tmgutz                   0.0%\n    1\tpikeas                  0.0%\n    1\tshuwatto                0.0%\n    1\ttstrimple               0.0%\n    1\tewoudj                  0.0%\n    1\tAdam Sanderson          0.0%\n    1\tAndrii Kostenko         0.0%\n    1\tAndy Hiew               0.0%\n    1\tArpad Borsos            0.0%\n    1\tAshwin Purohit          0.0%\n    1\tBenjen                  0.0%\n    1\tDarren Torpey           0.0%\n    1\tGreg Ritter             0.0%\n    1\tGregory Ritter          0.0%\n    1\tJames Herdman           0.0%\n    1\tJim Snodgrass           0.0%\n    1\tJoe McCann              0.0%\n    1\tJonathan Dumaine        0.0%\n    1\tJonathan Palardy        0.0%\n    1\tJonathan Zacsh          0.0%\n    1\tJustin Lilly            0.0%\n    1\tKen Sato                0.0%\n    1\tMaciej Małecki          0.0%\n    1\tMasahiro Hayashi        0.0%\n```\n\n## License \n\n(The MIT License)\n\nCopyright (c) 2009-2012 TJ Holowaychuk &lt;tj@vision-media.ca&gt;\n\nPermission is hereby granted, free of charge, to any person obtaining\na copy of this software and associated documentation files (the\n\'Software\'), to deal in the Software without restriction, including\nwithout limitation the rights to use, copy, modify, merge, publish,\ndistribute, sublicense, and/or sell copies of the Software, and to\npermit persons to whom the Software is furnished to do so, subject to\nthe following conditions:\n\nThe above copyright notice and this permission notice shall be\nincluded in all copies or substantial portions of the Software.\n\nTHE SOFTWARE IS PROVIDED \'AS IS\', WITHOUT WARRANTY OF ANY KIND,\nEXPRESS OR IMPLIED, INCLUDING BUT NOT LIMITED TO THE WARRANTIES OF\nMERCHANTABILITY, FITNESS FOR A PARTICULAR PURPOSE AND NONINFRINGEMENT.\nIN NO EVENT SHALL THE AUTHORS OR COPYRIGHT HOLDERS BE LIABLE FOR ANY\nCLAIM, DAMAGES OR OTHER LIABILITY, WHETHER IN AN ACTION OF CONTRACT,\nTORT OR OTHERWISE, ARISING FROM, OUT OF OR IN CONNECTION WITH THE\nSOFTWARE OR THE USE OR OTHER DEALINGS IN THE SOFTWARE.\n',
116 silly resolved     readmeFilename: 'Readme.md',
116 silly resolved     _id: 'express@3.0.4',
116 silly resolved     dist: { shasum: '04a8e939145940a6bb3b215d736ec2c1584ee0a8' },
116 silly resolved     _from: 'express' } ]
117 info install express@3.0.4 into /Users/coco/Documents/Survey_Thursday
118 info installOne express@3.0.4
119 verbose from cache /Users/coco/.npm/express/3.0.4/package/package.json
120 info /Users/coco/Documents/Survey_Thursday/node_modules/express unbuild
121 verbose from cache /Users/coco/Documents/Survey_Thursday/node_modules/express/package.json
122 info preuninstall express@3.0.3
123 info uninstall express@3.0.3
124 verbose true,/Users/coco/Documents/Survey_Thursday/node_modules,/Users/coco/Documents/Survey_Thursday/node_modules unbuild express@3.0.3
125 verbose /Users/coco/Documents/Survey_Thursday/node_modules/.bin,[object Object] binRoot
126 info /Users/coco/Documents/Survey_Thursday/node_modules/express unbuild
127 verbose read json /Users/coco/Documents/Survey_Thursday/node_modules/express/package.json
128 info preuninstall express@3.0.3
129 info uninstall express@3.0.3
130 verbose true,/Users/coco/Documents/Survey_Thursday/node_modules,/Users/coco/Documents/Survey_Thursday/node_modules unbuild express@3.0.3
131 verbose /Users/coco/Documents/Survey_Thursday/node_modules/.bin,[object Object] binRoot
132 info postuninstall express@3.0.3
133 error Refusing to delete: /Users/coco/Documents/Survey_Thursday/node_modules/.bin/express not in /Users/coco/Documents/Survey_Thursday/node_modules/express
File exists: /Users/coco/Documents/Survey_Thursday/node_modules/.bin/express
Move it away, and try again.
134 error System Darwin 12.0.0
135 error command "node" "/usr/local/bin/npm" "install" "express"
136 error cwd /Users/coco/Documents/Survey_Thursday/public
137 error node -v v0.8.14
138 error npm -v 1.1.65
139 error path /Users/coco/Documents/Survey_Thursday/node_modules/.bin/express
140 error code EEXIST
141 verbose exit [ 1, true ]
